#
# There is insufficient memory for the Java Runtime Environment to continue.
# Native memory allocation (malloc) failed to allocate 1146176 bytes for Chunk::new
# Possible reasons:
#   The system is out of physical RAM or swap space
#   In 32 bit mode, the process size limit was hit
# Possible solutions:
#   Reduce memory load on the system
#   Increase physical memory or swap space
#   Check if swap backing store is full
#   Use 64 bit Java on a 64 bit OS
#   Decrease Java heap size (-Xmx/-Xms)
#   Decrease number of Java threads
#   Decrease Java thread stack sizes (-Xss)
#   Set larger code cache with -XX:ReservedCodeCacheSize=
# This output file may be truncated or incomplete.
#
#  Out of Memory Error (allocation.cpp:390), pid=2764, tid=0x0000000000002f74
#
# JRE version: OpenJDK Runtime Environment (8.0_152-b01) (build 1.8.0_152-release-1248-b01)
# Java VM: OpenJDK 64-Bit Server VM (25.152-b01 mixed mode windows-amd64 compressed oops)
# Failed to write core dump. Minidumps are not enabled by default on client versions of Windows
#

---------------  T H R E A D  ---------------

Current thread (0x0000000018420000):  JavaThread "C2 CompilerThread1" daemon [_thread_in_native, id=12148, stack(0x0000000018d00000,0x0000000018e00000)]

Stack: [0x0000000018d00000,0x0000000018e00000]
[error occurred during error reporting (printing stack bounds), id 0xc0000005]

Native frames: (J=compiled Java code, j=interpreted, Vv=VM code, C=native code)


Current CompileTask:
C2:   2450 1399   !   4       java.net.URLClassLoader$1::run (63 bytes)


---------------  P R O C E S S  ---------------

Java Threads: ( => current thread )
  0x000000001ad44800 JavaThread "Cache worker for journal cache (C:\Users\Daniel Cardoso\.gradle\caches\journal-1)" [_thread_blocked, id=4716, stack(0x000000001e010000,0x000000001e110000)]
  0x000000001ad43800 JavaThread "Cache worker for file hash cache (D:\buscaNomeCodigo\.gradle\4.10.1\fileHashes)" [_thread_blocked, id=2916, stack(0x000000001cf40000,0x000000001d040000)]
  0x000000001a0df800 JavaThread "File lock request listener" [_thread_in_native, id=14580, stack(0x000000001ce40000,0x000000001cf40000)]
  0x0000000019ed8800 JavaThread "Cache worker for file hash cache (C:\Users\Daniel Cardoso\.gradle\caches\4.10.1\fileHashes)" [_thread_blocked, id=13808, stack(0x000000001cd40000,0x000000001ce40000)]
  0x000000001a833800 JavaThread "Stdin handler" [_thread_blocked, id=7796, stack(0x000000001c940000,0x000000001ca40000)]
  0x000000001a180800 JavaThread "Asynchronous log dispatcher for DefaultDaemonConnection: socket connection from /127.0.0.1:57924 to /127.0.0.1:57925" [_thread_blocked, id=3140, stack(0x000000001c840000,0x000000001c940000)]
  0x000000001a5eb000 JavaThread "Daemon worker" [_thread_in_native, id=18056, stack(0x000000001c740000,0x000000001c840000)]
  0x000000001a91b000 JavaThread "Cancel handler" [_thread_blocked, id=15260, stack(0x000000001c640000,0x000000001c740000)]
  0x000000001a457800 JavaThread "Handler for socket connection from /127.0.0.1:57924 to /127.0.0.1:57925" [_thread_in_native, id=3656, stack(0x000000001c340000,0x000000001c440000)]
  0x000000001a454800 JavaThread "Daemon" [_thread_blocked, id=7416, stack(0x000000001c240000,0x000000001c340000)]
  0x000000001a81c000 JavaThread "Daemon periodic checks" [_thread_blocked, id=1232, stack(0x000000001c140000,0x000000001c240000)]
  0x000000001a844000 JavaThread "Incoming local TCP Connector on port 57924" [_thread_in_native, id=15356, stack(0x000000001bee0000,0x000000001bfe0000)]
  0x00000000184b5800 JavaThread "Service Thread" daemon [_thread_blocked, id=11624, stack(0x0000000019000000,0x0000000019100000)]
  0x000000001652d800 JavaThread "C1 CompilerThread3" daemon [_thread_blocked, id=16716, stack(0x0000000018f00000,0x0000000019000000)]
  0x0000000018426000 JavaThread "C2 CompilerThread2" daemon [_thread_in_native, id=11876, stack(0x0000000018e00000,0x0000000018f00000)]
=>0x0000000018420000 JavaThread "C2 CompilerThread1" daemon [_thread_in_native, id=12148, stack(0x0000000018d00000,0x0000000018e00000)]
  0x000000001841d000 JavaThread "C2 CompilerThread0" daemon [_thread_blocked, id=12920, stack(0x0000000018c00000,0x0000000018d00000)]
  0x000000001841c000 JavaThread "Attach Listener" daemon [_thread_blocked, id=15488, stack(0x0000000018b00000,0x0000000018c00000)]
  0x0000000018419000 JavaThread "Signal Dispatcher" daemon [_thread_blocked, id=14256, stack(0x0000000018a00000,0x0000000018b00000)]
  0x000000000275e000 JavaThread "Finalizer" daemon [_thread_blocked, id=14220, stack(0x00000000187f0000,0x00000000188f0000)]
  0x000000001651c000 JavaThread "Reference Handler" daemon [_thread_blocked, id=19740, stack(0x00000000182f0000,0x00000000183f0000)]
  0x0000000000dae000 JavaThread "main" [_thread_blocked, id=1984, stack(0x0000000002560000,0x0000000002660000)]

Other Threads:
  0x0000000016516000 VMThread [stack: 0x00000000181f0000,0x00000000182f0000] [id=5028]
  0x00000000184b6800 WatcherThread [stack: 0x0000000019100000,0x0000000019200000] [id=6792]

VM state:not at safepoint (normal execution)

VM Mutex/Monitor currently owned by a thread: None

Heap:
 PSYoungGen      total 38400K, used 32952K [0x00000000e0000000, 0x00000000e2a80000, 0x0000000100000000)
  eden space 33280K, 83% used [0x00000000e0000000,0x00000000e1b36238,0x00000000e2080000)
  from space 5120K, 99% used [0x00000000e2080000,0x00000000e2578040,0x00000000e2580000)
  to   space 5120K, 0% used [0x00000000e2580000,0x00000000e2580000,0x00000000e2a80000)
 ParOldGen       total 87552K, used 2132K [0x00000000a0000000, 0x00000000a5580000, 0x00000000e0000000)
  object space 87552K, 2% used [0x00000000a0000000,0x00000000a0215010,0x00000000a5580000)
 Metaspace       used 16117K, capacity 16522K, committed 16768K, reserved 1064960K
  class space    used 2302K, capacity 2425K, committed 2432K, reserved 1048576K

Card table byte_map: [0x0000000011b20000,0x0000000011e30000] byte_map_base: 0x0000000011620000

Marking Bits: (ParMarkBitMap*) 0x00000000518c5aa0
 Begin Bits: [0x0000000012830000, 0x0000000014030000)
 End Bits:   [0x0000000014030000, 0x0000000015830000)

Polling page: 0x0000000000710000

CodeCache: size=245760Kb used=5126Kb max_used=5138Kb free=240633Kb
 bounds [0x0000000002760000, 0x0000000002c70000, 0x0000000011760000]
 total_blobs=1870 nmethods=1485 adapters=298
 compilation: enabled

Compilation events (10 events):
Event: 2.396 Thread 0x000000001841d000 nmethod 1481 0x0000000002c57390 code [0x0000000002c574e0, 0x0000000002c57a58]
Event: 2.405 Thread 0x000000001652d800 1482       3       java.lang.StringBuilder::append (10 bytes)
Event: 2.405 Thread 0x000000001652d800 nmethod 1482 0x0000000002c53dd0 code [0x0000000002c53f40, 0x0000000002c540c8]
Event: 2.426 Thread 0x000000001652d800 1483       3       org.objectweb.asm.SymbolTable::get (13 bytes)
Event: 2.426 Thread 0x000000001652d800 nmethod 1483 0x0000000002c52a90 code [0x0000000002c52be0, 0x0000000002c52d70]
Event: 2.429 Thread 0x000000001841d000 1484   !   4       java.util.zip.InflaterInputStream::read (138 bytes)
Event: 2.430 Thread 0x000000001652d800 1485   !   3       java.io.WinNTFileSystem::resolve (362 bytes)
Event: 2.435 Thread 0x000000001652d800 nmethod 1485 0x0000000002c57c90 code [0x0000000002c58500, 0x0000000002c5e0b8]
Event: 2.435 Thread 0x000000001652d800 1486       1       java.util.concurrent.locks.AbstractOwnableSynchronizer::getExclusiveOwnerThread (5 bytes)
Event: 2.435 Thread 0x000000001652d800 nmethod 1486 0x0000000002c570d0 code [0x0000000002c57220, 0x0000000002c57330]

GC Heap History (6 events):
Event: 0.949 GC heap before
{Heap before GC invocations=1 (full 0):
 PSYoungGen      total 38400K, used 33280K [0x00000000e0000000, 0x00000000e2a80000, 0x0000000100000000)
  eden space 33280K, 100% used [0x00000000e0000000,0x00000000e2080000,0x00000000e2080000)
  from space 5120K, 0% used [0x00000000e2580000,0x00000000e2580000,0x00000000e2a80000)
  to   space 5120K, 0% used [0x00000000e2080000,0x00000000e2080000,0x00000000e2580000)
 ParOldGen       total 87552K, used 0K [0x00000000a0000000, 0x00000000a5580000, 0x00000000e0000000)
  object space 87552K, 0% used [0x00000000a0000000,0x00000000a0000000,0x00000000a5580000)
 Metaspace       used 6863K, capacity 7034K, committed 7296K, reserved 1056768K
  class space    used 835K, capacity 879K, committed 896K, reserved 1048576K
Event: 0.955 GC heap after
Heap after GC invocations=1 (full 0):
 PSYoungGen      total 38400K, used 4207K [0x00000000e0000000, 0x00000000e2a80000, 0x0000000100000000)
  eden space 33280K, 0% used [0x00000000e0000000,0x00000000e0000000,0x00000000e2080000)
  from space 5120K, 82% used [0x00000000e2080000,0x00000000e249bd58,0x00000000e2580000)
  to   space 5120K, 0% used [0x00000000e2580000,0x00000000e2580000,0x00000000e2a80000)
 ParOldGen       total 87552K, used 8K [0x00000000a0000000, 0x00000000a5580000, 0x00000000e0000000)
  object space 87552K, 0% used [0x00000000a0000000,0x00000000a0002000,0x00000000a5580000)
 Metaspace       used 6863K, capacity 7034K, committed 7296K, reserved 1056768K
  class space    used 835K, capacity 879K, committed 896K, reserved 1048576K
}
Event: 1.371 GC heap before
{Heap before GC invocations=2 (full 0):
 PSYoungGen      total 38400K, used 37487K [0x00000000e0000000, 0x00000000e2a80000, 0x0000000100000000)
  eden space 33280K, 100% used [0x00000000e0000000,0x00000000e2080000,0x00000000e2080000)
  from space 5120K, 82% used [0x00000000e2080000,0x00000000e249bd58,0x00000000e2580000)
  to   space 5120K, 0% used [0x00000000e2580000,0x00000000e2580000,0x00000000e2a80000)
 ParOldGen       total 87552K, used 8K [0x00000000a0000000, 0x00000000a5580000, 0x00000000e0000000)
  object space 87552K, 0% used [0x00000000a0000000,0x00000000a0002000,0x00000000a5580000)
 Metaspace       used 9060K, capacity 9384K, committed 9600K, reserved 1056768K
  class space    used 1204K, capacity 1296K, committed 1408K, reserved 1048576K
Event: 1.376 GC heap after
Heap after GC invocations=2 (full 0):
 PSYoungGen      total 38400K, used 4771K [0x00000000e0000000, 0x00000000e2a80000, 0x0000000100000000)
  eden space 33280K, 0% used [0x00000000e0000000,0x00000000e0000000,0x00000000e2080000)
  from space 5120K, 93% used [0x00000000e2580000,0x00000000e2a28d80,0x00000000e2a80000)
  to   space 5120K, 0% used [0x00000000e2080000,0x00000000e2080000,0x00000000e2580000)
 ParOldGen       total 87552K, used 16K [0x00000000a0000000, 0x00000000a5580000, 0x00000000e0000000)
  object space 87552K, 0% used [0x00000000a0000000,0x00000000a0004000,0x00000000a5580000)
 Metaspace       used 9060K, capacity 9384K, committed 9600K, reserved 1056768K
  class space    used 1204K, capacity 1296K, committed 1408K, reserved 1048576K
}
Event: 2.099 GC heap before
{Heap before GC invocations=3 (full 0):
 PSYoungGen      total 38400K, used 38051K [0x00000000e0000000, 0x00000000e2a80000, 0x0000000100000000)
  eden space 33280K, 100% used [0x00000000e0000000,0x00000000e2080000,0x00000000e2080000)
  from space 5120K, 93% used [0x00000000e2580000,0x00000000e2a28d80,0x00000000e2a80000)
  to   space 5120K, 0% used [0x00000000e2080000,0x00000000e2080000,0x00000000e2580000)
 ParOldGen       total 87552K, used 16K [0x00000000a0000000, 0x00000000a5580000, 0x00000000e0000000)
  object space 87552K, 0% used [0x00000000a0000000,0x00000000a0004000,0x00000000a5580000)
 Metaspace       used 13511K, capacity 13818K, committed 14080K, reserved 1060864K
  class space    used 1896K, capacity 2031K, committed 2048K, reserved 1048576K
Event: 2.106 GC heap after
Heap after GC invocations=3 (full 0):
 PSYoungGen      total 38400K, used 5088K [0x00000000e0000000, 0x00000000e2a80000, 0x0000000100000000)
  eden space 33280K, 0% used [0x00000000e0000000,0x00000000e0000000,0x00000000e2080000)
  from space 5120K, 99% used [0x00000000e2080000,0x00000000e2578040,0x00000000e2580000)
  to   space 5120K, 0% used [0x00000000e2580000,0x00000000e2580000,0x00000000e2a80000)
 ParOldGen       total 87552K, used 2132K [0x00000000a0000000, 0x00000000a5580000, 0x00000000e0000000)
  object space 87552K, 2% used [0x00000000a0000000,0x00000000a0215010,0x00000000a5580000)
 Metaspace       used 13511K, capacity 13818K, committed 14080K, reserved 1060864K
  class space    used 1896K, capacity 2031K, committed 2048K, reserved 1048576K
}

Deoptimization events (10 events):
Event: 1.503 Thread 0x0000000000dae000 Uncommon trap: reason=unstable_if action=reinterpret pc=0x0000000002a93520 method=java.io.WinNTFileSystem.normalize(Ljava/lang/String;II)Ljava/lang/String; @ 90
Event: 1.787 Thread 0x000000001a457800 Uncommon trap: reason=unstable_if action=reinterpret pc=0x0000000002b222ac method=java.util.concurrent.ConcurrentHashMap.putVal(Ljava/lang/Object;Ljava/lang/Object;Z)Ljava/lang/Object; @ 206
Event: 1.852 Thread 0x000000001a5eb000 Uncommon trap: reason=bimorphic action=maybe_recompile pc=0x0000000002a0621c method=java.util.HashMap.putVal(ILjava/lang/Object;Ljava/lang/Object;ZZ)Ljava/lang/Object; @ 253
Event: 1.852 Thread 0x000000001a5eb000 Uncommon trap: reason=bimorphic action=maybe_recompile pc=0x0000000002a0621c method=java.util.HashMap.putVal(ILjava/lang/Object;Ljava/lang/Object;ZZ)Ljava/lang/Object; @ 253
Event: 1.852 Thread 0x000000001a5eb000 Uncommon trap: reason=bimorphic action=maybe_recompile pc=0x0000000002a0621c method=java.util.HashMap.putVal(ILjava/lang/Object;Ljava/lang/Object;ZZ)Ljava/lang/Object; @ 253
Event: 2.161 Thread 0x000000001a5eb000 Uncommon trap: reason=class_check action=maybe_recompile pc=0x0000000002a3ba18 method=java.util.regex.Matcher.match(II)Z @ 86
Event: 2.174 Thread 0x000000001a5eb000 Uncommon trap: reason=class_check action=maybe_recompile pc=0x0000000002a3ba18 method=java.util.regex.Matcher.match(II)Z @ 86
Event: 2.174 Thread 0x000000001a5eb000 Uncommon trap: reason=class_check action=maybe_recompile pc=0x0000000002a3ba18 method=java.util.regex.Matcher.match(II)Z @ 86
Event: 2.175 Thread 0x000000001a5eb000 Uncommon trap: reason=class_check action=maybe_recompile pc=0x00000000029fed1c method=java.util.regex.Matcher.match(II)Z @ 86
Event: 2.271 Thread 0x000000001a5eb000 Uncommon trap: reason=unstable_if action=reinterpret pc=0x0000000002ba9ab4 method=java.lang.String.lastIndexOf([CII[CIII)I @ 66

Classes redefined (0 events):
No events

Internal exceptions (10 events):
Event: 1.791 Thread 0x000000001a457800 Exception <a 'java/lang/NoSuchMethodError': <clinit>> (0x00000000e07d8970) thrown at [D:\src\AOSP-openjdk-cygwin\jdk8u\hotspot\src\share\vm\prims\jni.cpp, line 1613]
Event: 1.792 Thread 0x000000001a457800 Exception <a 'java/lang/NoSuchMethodError': <clinit>> (0x00000000e07e4268) thrown at [D:\src\AOSP-openjdk-cygwin\jdk8u\hotspot\src\share\vm\prims\jni.cpp, line 1613]
Event: 1.793 Thread 0x000000001a457800 Exception <a 'java/lang/NoSuchMethodError': <clinit>> (0x00000000e07ed848) thrown at [D:\src\AOSP-openjdk-cygwin\jdk8u\hotspot\src\share\vm\prims\jni.cpp, line 1613]
Event: 1.798 Thread 0x000000001a457800 Exception <a 'java/lang/NoSuchMethodError': <clinit>> (0x00000000e0814820) thrown at [D:\src\AOSP-openjdk-cygwin\jdk8u\hotspot\src\share\vm\prims\jni.cpp, line 1613]
Event: 1.800 Thread 0x000000001a457800 Exception <a 'java/lang/NoSuchMethodError': <clinit>> (0x00000000e082c6b8) thrown at [D:\src\AOSP-openjdk-cygwin\jdk8u\hotspot\src\share\vm\prims\jni.cpp, line 1613]
Event: 1.801 Thread 0x000000001a457800 Exception <a 'java/lang/NoSuchMethodError': <clinit>> (0x00000000e0835180) thrown at [D:\src\AOSP-openjdk-cygwin\jdk8u\hotspot\src\share\vm\prims\jni.cpp, line 1613]
Event: 1.804 Thread 0x000000001a457800 Exception <a 'java/lang/NoSuchMethodError': <clinit>> (0x00000000e084b1e0) thrown at [D:\src\AOSP-openjdk-cygwin\jdk8u\hotspot\src\share\vm\prims\jni.cpp, line 1613]
Event: 1.814 Thread 0x000000001a457800 Exception <a 'java/lang/NoSuchMethodError': <clinit>> (0x00000000e08a9cc8) thrown at [D:\src\AOSP-openjdk-cygwin\jdk8u\hotspot\src\share\vm\prims\jni.cpp, line 1613]
Event: 1.817 Thread 0x000000001a457800 Exception <a 'java/lang/NoSuchMethodError': <clinit>> (0x00000000e08d61d0) thrown at [D:\src\AOSP-openjdk-cygwin\jdk8u\hotspot\src\share\vm\prims\jni.cpp, line 1613]
Event: 1.821 Thread 0x000000001a457800 Exception <a 'java/lang/NoSuchMethodError': <clinit>> (0x00000000e08f2d98) thrown at [D:\src\AOSP-openjdk-cygwin\jdk8u\hotspot\src\share\vm\prims\jni.cpp, line 1613]

Events (10 events):
Event: 2.437 loading class org/gradle/api/internal/changedetection/state/DefaultFileAccessTimeJournal$1
Event: 2.437 loading class org/gradle/api/internal/changedetection/state/DefaultFileAccessTimeJournal$1 done
Event: 2.443 loading class org/gradle/internal/classpath/DefaultCachedClasspathTransformer
Event: 2.443 loading class org/gradle/internal/classpath/DefaultCachedClasspathTransformer done
Event: 2.444 loading class org/gradle/cache/internal/FilesFinder
Event: 2.444 loading class org/gradle/cache/internal/FilesFinder done
Event: 2.444 loading class org/gradle/cache/CleanupAction
Event: 2.444 loading class org/gradle/cache/CleanupAction done
Event: 2.444 loading class org/gradle/internal/resource/local/FileAccessTracker
Event: 2.444 loading class org/gradle/internal/resource/local/FileAccessTracker done


Dynamic libraries:
0x00007ff7e35b0000 - 0x00007ff7e35e1000 	C:\Program Files\Android\Android Studio\jre\bin\java.exe
0x00007fff83f20000 - 0x00007fff8410d000 	C:\WINDOWS\SYSTEM32\ntdll.dll
0x00007fff835c0000 - 0x00007fff83673000 	C:\WINDOWS\System32\KERNEL32.DLL
0x00007fff80380000 - 0x00007fff80613000 	C:\WINDOWS\System32\KERNELBASE.dll
0x00007fff836b0000 - 0x00007fff83753000 	C:\WINDOWS\System32\ADVAPI32.dll
0x00007fff833c0000 - 0x00007fff8345e000 	C:\WINDOWS\System32\msvcrt.dll
0x00007fff82c60000 - 0x00007fff82cfe000 	C:\WINDOWS\System32\sechost.dll
0x00007fff83920000 - 0x00007fff83a42000 	C:\WINDOWS\System32\RPCRT4.dll
0x00007fff815d0000 - 0x00007fff81767000 	C:\WINDOWS\System32\USER32.dll
0x00007fff802b0000 - 0x00007fff802d0000 	C:\WINDOWS\System32\win32u.dll
0x00007fff82d00000 - 0x00007fff82d29000 	C:\WINDOWS\System32\GDI32.dll
0x00007fff7fff0000 - 0x00007fff8018a000 	C:\WINDOWS\System32\gdi32full.dll
0x00007fff80190000 - 0x00007fff80230000 	C:\WINDOWS\System32\msvcp_win.dll
0x00007fff80620000 - 0x00007fff8071c000 	C:\WINDOWS\System32\ucrtbase.dll
0x00007fff78cd0000 - 0x00007fff78f49000 	C:\WINDOWS\WinSxS\amd64_microsoft.windows.common-controls_6595b64144ccf1df_6.0.17763.316_none_05b53be2071f46b6\COMCTL32.dll
0x00007fff811c0000 - 0x00007fff814ed000 	C:\WINDOWS\System32\combase.dll
0x00007fff80720000 - 0x00007fff8079e000 	C:\WINDOWS\System32\bcryptPrimitives.dll
0x00007fff83680000 - 0x00007fff836ae000 	C:\WINDOWS\System32\IMM32.DLL
0x0000000050f40000 - 0x0000000051012000 	C:\Program Files\Android\Android Studio\jre\jre\bin\msvcr100.dll
0x0000000051100000 - 0x0000000051941000 	C:\Program Files\Android\Android Studio\jre\jre\bin\server\jvm.dll
0x00007fff814f0000 - 0x00007fff814f8000 	C:\WINDOWS\System32\PSAPI.DLL
0x00007fff6fec0000 - 0x00007fff6fec9000 	C:\WINDOWS\SYSTEM32\WSOCK32.dll
0x00007fff81150000 - 0x00007fff811bd000 	C:\WINDOWS\System32\WS2_32.dll
0x00007fff7e210000 - 0x00007fff7e234000 	C:\WINDOWS\SYSTEM32\WINMM.dll
0x00007fff7b8a0000 - 0x00007fff7b8aa000 	C:\WINDOWS\SYSTEM32\VERSION.dll
0x00007fff7e1b0000 - 0x00007fff7e1dd000 	C:\WINDOWS\SYSTEM32\WINMMBASE.dll
0x00007fff80260000 - 0x00007fff802aa000 	C:\WINDOWS\System32\cfgmgr32.dll
0x00007fff7e2a0000 - 0x00007fff7e2af000 	C:\Program Files\Android\Android Studio\jre\jre\bin\verify.dll
0x00007fff7a4b0000 - 0x00007fff7a4d9000 	C:\Program Files\Android\Android Studio\jre\jre\bin\java.dll
0x00007fff7c150000 - 0x00007fff7c166000 	C:\Program Files\Android\Android Studio\jre\jre\bin\zip.dll
0x00007fff81770000 - 0x00007fff82c5f000 	C:\WINDOWS\System32\SHELL32.dll
0x00007fff83e40000 - 0x00007fff83ee8000 	C:\WINDOWS\System32\shcore.dll
0x00007fff807c0000 - 0x00007fff80f0a000 	C:\WINDOWS\System32\windows.storage.dll
0x00007fff7ffa0000 - 0x00007fff7ffc4000 	C:\WINDOWS\System32\profapi.dll
0x00007fff7ff20000 - 0x00007fff7ff7d000 	C:\WINDOWS\System32\powrprof.dll
0x00007fff83540000 - 0x00007fff83592000 	C:\WINDOWS\System32\shlwapi.dll
0x00007fff7ff80000 - 0x00007fff7ff91000 	C:\WINDOWS\System32\kernel.appcore.dll
0x00007fff807a0000 - 0x00007fff807b7000 	C:\WINDOWS\System32\cryptsp.dll
0x00007fff7bc60000 - 0x00007fff7bc7a000 	C:\Program Files\Android\Android Studio\jre\jre\bin\net.dll
0x00007fff7f750000 - 0x00007fff7f7b7000 	C:\WINDOWS\system32\mswsock.dll
0x00007fff7a3e0000 - 0x00007fff7a3f1000 	C:\Program Files\Android\Android Studio\jre\jre\bin\nio.dll
0x00007fff79130000 - 0x00007fff7914e000 	C:\Users\Daniel Cardoso\.gradle\native\25\windows-amd64\native-platform.dll
0x00007fff7c200000 - 0x00007fff7c20d000 	C:\Program Files\Android\Android Studio\jre\jre\bin\management.dll
0x00007fff7f310000 - 0x00007fff7f343000 	C:\WINDOWS\system32\rsaenh.dll
0x00007fff80230000 - 0x00007fff80256000 	C:\WINDOWS\System32\bcrypt.dll
0x00007fff7fe20000 - 0x00007fff7fe48000 	C:\WINDOWS\SYSTEM32\USERENV.dll
0x00007fff7f920000 - 0x00007fff7f92c000 	C:\WINDOWS\SYSTEM32\CRYPTBASE.dll
0x00007fff7f4b0000 - 0x00007fff7f4ed000 	C:\WINDOWS\SYSTEM32\IPHLPAPI.DLL
0x00007fff82d30000 - 0x00007fff82d38000 	C:\WINDOWS\System32\NSI.dll
0x00007fff79950000 - 0x00007fff79966000 	C:\WINDOWS\SYSTEM32\dhcpcsvc6.DLL
0x00007fff79920000 - 0x00007fff7993c000 	C:\WINDOWS\SYSTEM32\dhcpcsvc.DLL
0x00007fff7f4f0000 - 0x00007fff7f5b6000 	C:\WINDOWS\SYSTEM32\DNSAPI.dll

VM Arguments:
jvm_args: -Xmx1536m -Dfile.encoding=windows-1252 -Duser.country=BR -Duser.language=pt -Duser.variant 
java_command: org.gradle.launcher.daemon.bootstrap.GradleDaemon 4.10.1
java_class_path (initial): C:\Users\Daniel Cardoso\.gradle\wrapper\dists\gradle-4.10.1-all\455itskqi2qtf0v2sja68alqd\gradle-4.10.1\lib\gradle-launcher-4.10.1.jar
Launcher Type: SUN_STANDARD

Environment Variables:
JAVA_HOME=C:\Program Files\Java\jdk1.8.0_172\
PATH=C:\app\client\Administrador\product\12.1.0\client_1\bin;C:\WINDOWS\system32;C:\WINDOWS;C:\WINDOWS\System32\Wbem;C:\WINDOWS\System32\WindowsPowerShell\v1.0\;C:\Program Files\Microsoft\Web Platform Installer\;C:\Program Files\TortoiseSVN\bin;C:\Program Files\dotnet\;C:\Program Files\Microsoft SQL Server\130\Tools\Binn\;C:\Program Files\Git\cmd;C:\WINDOWS\System32\OpenSSH\;C:\Program Files\Java\jdk1.8.0_172\\bin;C:\Users\Daniel Cardoso\AppData\Local\Microsoft\WindowsApps;
USERNAME=Daniel Cardoso
OS=Windows_NT
PROCESSOR_IDENTIFIER=Intel64 Family 6 Model 42 Stepping 7, GenuineIntel



---------------  S Y S T E M  ---------------

OS: Windows 10.0 , 64 bit Build 17763 (10.0.17763.292)

CPU:total 8 (initial active 8) (4 cores per cpu, 2 threads per core) family 6 model 42 stepping 7, cmov, cx8, fxsr, mmx, sse, sse2, sse3, ssse3, sse4.1, sse4.2, popcnt, avx, aes, clmul, ht, tsc, tscinvbit

Memory: 4k page, physical 8369380k(578484k free), swap 22960356k(5120k free)

vm_info: OpenJDK 64-Bit Server VM (25.152-b01) for windows-amd64 JRE (1.8.0_152-release-1248-b01), built by "builder" with MS VC++ 10.0 (VS2010)

time: Wed Feb 20 09:43:15 2019
elapsed time: 2 seconds (0d 0h 0m 2s)

